TN:
SF:src/modules/users/services/AuthenticateUserService.ts
FN:24,AuthenticateUserService
FN:32,Object.<anonymous>.AuthenticateUserService.execute
FNF:2
FNH:2
FNDA:3,AuthenticateUserService
FNDA:3,Object.<anonymous>.AuthenticateUserService.execute
DA:1,1
DA:2,1
DA:3,1
DA:4,1
DA:5,1
DA:6,1
DA:7,1
DA:8,1
DA:9,1
DA:10,1
DA:11,1
DA:12,1
DA:13,1
DA:14,1
DA:15,1
DA:16,1
DA:17,1
DA:18,1
DA:19,1
DA:20,1
DA:21,1
DA:22,1
DA:23,1
DA:24,1
DA:25,3
DA:26,3
DA:27,3
DA:28,3
DA:29,3
DA:30,3
DA:31,1
DA:32,1
DA:33,3
DA:34,3
DA:35,3
DA:36,1
DA:37,1
DA:38,2
DA:39,2
DA:40,2
DA:41,2
DA:42,2
DA:43,3
DA:44,3
DA:45,1
DA:46,1
DA:47,1
DA:48,1
DA:49,1
DA:50,1
DA:51,1
DA:52,1
DA:53,1
DA:54,1
DA:55,1
DA:56,1
DA:57,1
DA:58,1
DA:59,3
DA:60,1
DA:61,1
DA:62,1
LF:62
LH:62
BRDA:23,0,0,1
BRDA:24,1,0,3
BRDA:32,2,0,3
BRDA:33,3,0,3
BRDA:35,4,0,1
BRDA:38,5,0,2
BRDA:44,6,0,1
BRF:7
BRH:7
end_of_record
TN:
SF:src/modules/users/services/CreateUserService.ts
FN:16,CreateUserService
FN:21,Object.<anonymous>.CreateUserService.execute
FNF:2
FNH:2
FNDA:2,CreateUserService
FNDA:3,Object.<anonymous>.CreateUserService.execute
DA:1,1
DA:2,1
DA:3,1
DA:4,1
DA:5,1
DA:6,1
DA:7,1
DA:8,1
DA:9,1
DA:10,1
DA:11,1
DA:12,1
DA:13,1
DA:14,1
DA:15,1
DA:16,1
DA:17,2
DA:18,2
DA:19,2
DA:20,1
DA:21,1
DA:22,3
DA:23,3
DA:24,3
DA:25,1
DA:26,1
DA:27,2
DA:28,2
DA:29,3
DA:30,3
DA:31,3
DA:32,3
DA:33,3
DA:34,3
DA:35,3
DA:36,3
DA:37,1
DA:38,1
DA:39,1
LF:39
LH:39
BRDA:15,0,0,1
BRDA:16,1,0,2
BRDA:21,2,0,3
BRDA:22,3,0,3
BRDA:24,4,0,1
BRDA:27,5,0,2
BRF:6
BRH:6
end_of_record
